20:28:09.833 [main] DEBUG org.apache.http.client.protocol.RequestTargetAuthentication - Target auth state: UNCHALLENGED
20:28:09.839 [main] DEBUG org.apache.http.client.protocol.RequestProxyAuthentication - Proxy auth state: UNCHALLENGED
20:28:09.839 [main] DEBUG org.apache.http.impl.client.DefaultHttpClient - Attempt 1 to execute request
20:28:09.839 [main] DEBUG org.apache.http.impl.conn.DefaultClientConnection - Sending request: DELETE /v2/user/fransisca.koelpin HTTP/1.1
20:28:09.839 [main] DEBUG org.apache.http.wire -  >> "DELETE /v2/user/fransisca.koelpin HTTP/1.1[\r][\n]"
20:28:09.840 [main] DEBUG org.apache.http.wire -  >> "Accept: */*[\r][\n]"
20:28:09.840 [main] DEBUG org.apache.http.wire -  >> "Host: petstore.swagger.io[\r][\n]"
20:28:09.840 [main] DEBUG org.apache.http.wire -  >> "Connection: Keep-Alive[\r][\n]"
20:28:09.840 [main] DEBUG org.apache.http.wire -  >> "User-Agent: Apache-HttpClient/4.5.13 (Java/16.0.2)[\r][\n]"
20:28:09.841 [main] DEBUG org.apache.http.wire -  >> "Accept-Encoding: gzip,deflate[\r][\n]"
20:28:09.841 [main] DEBUG org.apache.http.wire -  >> "[\r][\n]"
20:28:09.841 [main] DEBUG org.apache.http.headers - >> DELETE /v2/user/fransisca.koelpin HTTP/1.1
20:28:09.841 [main] DEBUG org.apache.http.headers - >> Accept: */*
20:28:09.841 [main] DEBUG org.apache.http.headers - >> Host: petstore.swagger.io
20:28:09.841 [main] DEBUG org.apache.http.headers - >> Connection: Keep-Alive
20:28:09.841 [main] DEBUG org.apache.http.headers - >> User-Agent: Apache-HttpClient/4.5.13 (Java/16.0.2)
20:28:09.841 [main] DEBUG org.apache.http.headers - >> Accept-Encoding: gzip,deflate
20:28:10.063 [main] DEBUG org.apache.http.wire -  << "HTTP/1.1 200 OK[\r][\n]"
20:28:10.063 [main] DEBUG org.apache.http.wire -  << "Date: Mon, 08 Jan 2024 14:58:09 GMT[\r][\n]"
20:28:10.063 [main] DEBUG org.apache.http.wire -  << "Content-Type: application/json[\r][\n]"
20:28:10.063 [main] DEBUG org.apache.http.wire -  << "Transfer-Encoding: chunked[\r][\n]"
20:28:10.063 [main] DEBUG org.apache.http.wire -  << "Connection: keep-alive[\r][\n]"
20:28:10.064 [main] DEBUG org.apache.http.wire -  << "Access-Control-Allow-Origin: *[\r][\n]"
20:28:10.064 [main] DEBUG org.apache.http.wire -  << "Access-Control-Allow-Methods: GET, POST, DELETE, PUT[\r][\n]"
20:28:10.064 [main] DEBUG org.apache.http.wire -  << "Access-Control-Allow-Headers: Content-Type, api_key, Authorization[\r][\n]"
20:28:10.064 [main] DEBUG org.apache.http.wire -  << "Server: Jetty(9.2.9.v20150224)[\r][\n]"
20:28:10.064 [main] DEBUG org.apache.http.wire -  << "[\r][\n]"
20:28:10.064 [main] DEBUG org.apache.http.impl.conn.DefaultClientConnection - Receiving response: HTTP/1.1 200 OK
20:28:10.064 [main] DEBUG org.apache.http.headers - << HTTP/1.1 200 OK
20:28:10.064 [main] DEBUG org.apache.http.headers - << Date: Mon, 08 Jan 2024 14:58:09 GMT
20:28:10.064 [main] DEBUG org.apache.http.headers - << Content-Type: application/json
20:28:10.064 [main] DEBUG org.apache.http.headers - << Transfer-Encoding: chunked
20:28:10.064 [main] DEBUG org.apache.http.headers - << Connection: keep-alive
20:28:10.065 [main] DEBUG org.apache.http.headers - << Access-Control-Allow-Origin: *
20:28:10.065 [main] DEBUG org.apache.http.headers - << Access-Control-Allow-Methods: GET, POST, DELETE, PUT
20:28:10.065 [main] DEBUG org.apache.http.headers - << Access-Control-Allow-Headers: Content-Type, api_key, Authorization
20:28:10.065 [main] DEBUG org.apache.http.headers - << Server: Jetty(9.2.9.v20150224)
20:28:10.065 [main] DEBUG org.apache.http.impl.client.DefaultHttpClient - Connection can be kept alive indefinitely
20:28:10.065 [main] DEBUG io.restassured.internal.RestAssuredHttpBuilder - Parsing response as: application/json
20:28:10.065 [main] DEBUG io.restassured.internal.RestAssuredHttpBuilder - Parsed data to instance of: class org.apache.http.conn.EofSensorInputStream
20:28:10.066 [main] INFO  api.test.UserTest2 - ****************** User Deleted*********************
20:28:10.393 [Finalizer] DEBUG org.apache.http.impl.conn.DefaultClientConnection - Connection 0.0.0.0:63193<->3.236.3.182:443 closed
20:28:10.394 [Finalizer] DEBUG org.apache.http.impl.conn.DefaultClientConnection - Connection 0.0.0.0:63194<->3.236.3.182:443 closed
20:28:10.395 [Finalizer] DEBUG org.apache.http.impl.conn.DefaultClientConnection - Connection 0.0.0.0:63189<->3.236.3.182:443 closed
20:28:10.395 [Finalizer] DEBUG org.apache.http.impl.conn.DefaultClientConnection - Connection 0.0.0.0:63190<->3.236.3.182:443 closed
22:07:04.957 [main] INFO  api.test.UserTest2 - ****************** Creating User *********************
22:07:08.646 [main] DEBUG org.apache.http.impl.conn.BasicClientConnectionManager - Get connection for route {s}->https://petstore.swagger.io:443
22:07:08.792 [main] DEBUG org.apache.http.impl.conn.DefaultClientConnectionOperator - Connecting to petstore.swagger.io:443
22:07:09.951 [main] DEBUG org.apache.http.client.protocol.RequestAddCookies - CookieSpec selected: ignoreCookies
22:07:09.953 [main] DEBUG org.apache.http.client.protocol.RequestAuthCache - Auth cache not set in the context
22:07:09.953 [main] DEBUG org.apache.http.client.protocol.RequestTargetAuthentication - Target auth state: UNCHALLENGED
22:07:09.954 [main] DEBUG org.apache.http.client.protocol.RequestProxyAuthentication - Proxy auth state: UNCHALLENGED
22:07:09.954 [main] DEBUG org.apache.http.impl.client.DefaultHttpClient - Attempt 1 to execute request
22:07:09.954 [main] DEBUG org.apache.http.impl.conn.DefaultClientConnection - Sending request: POST /v2/user HTTP/1.1
22:07:09.955 [main] DEBUG org.apache.http.wire -  >> "POST /v2/user HTTP/1.1[\r][\n]"
22:07:09.956 [main] DEBUG org.apache.http.wire -  >> "Accept: application/json, application/javascript, text/javascript, text/json[\r][\n]"
22:07:09.956 [main] DEBUG org.apache.http.wire -  >> "Content-Type: application/json[\r][\n]"
22:07:09.956 [main] DEBUG org.apache.http.wire -  >> "Content-Length: 192[\r][\n]"
22:07:09.956 [main] DEBUG org.apache.http.wire -  >> "Host: petstore.swagger.io[\r][\n]"
22:07:09.956 [main] DEBUG org.apache.http.wire -  >> "Connection: Keep-Alive[\r][\n]"
22:07:09.956 [main] DEBUG org.apache.http.wire -  >> "User-Agent: Apache-HttpClient/4.5.13 (Java/16.0.2)[\r][\n]"
22:07:09.957 [main] DEBUG org.apache.http.wire -  >> "Accept-Encoding: gzip,deflate[\r][\n]"
22:07:09.957 [main] DEBUG org.apache.http.wire -  >> "[\r][\n]"
22:07:09.957 [main] DEBUG org.apache.http.headers - >> POST /v2/user HTTP/1.1
22:07:09.957 [main] DEBUG org.apache.http.headers - >> Accept: application/json, application/javascript, text/javascript, text/json
22:07:09.957 [main] DEBUG org.apache.http.headers - >> Content-Type: application/json
22:07:09.957 [main] DEBUG org.apache.http.headers - >> Content-Length: 192
22:07:09.957 [main] DEBUG org.apache.http.headers - >> Host: petstore.swagger.io
22:07:09.957 [main] DEBUG org.apache.http.headers - >> Connection: Keep-Alive
22:07:09.958 [main] DEBUG org.apache.http.headers - >> User-Agent: Apache-HttpClient/4.5.13 (Java/16.0.2)
22:07:09.958 [main] DEBUG org.apache.http.headers - >> Accept-Encoding: gzip,deflate
22:07:09.958 [main] DEBUG org.apache.http.wire -  >> "{"id":764826684,"username":"thea.vonrueden","firstName":"Federico","lastName":"Nienow","email":"bennett.oberbrunner@example.com","password":"nb51wbw73","phone":"(982) 361-9894","userStatus":0}"
22:07:10.162 [main] DEBUG org.apache.http.wire -  << "HTTP/1.1 200 OK[\r][\n]"
22:07:10.165 [main] DEBUG org.apache.http.wire -  << "Date: Mon, 08 Jan 2024 16:37:10 GMT[\r][\n]"
22:07:10.165 [main] DEBUG org.apache.http.wire -  << "Content-Type: application/json[\r][\n]"
22:07:10.165 [main] DEBUG org.apache.http.wire -  << "Transfer-Encoding: chunked[\r][\n]"
22:07:10.165 [main] DEBUG org.apache.http.wire -  << "Connection: keep-alive[\r][\n]"
22:07:10.166 [main] DEBUG org.apache.http.wire -  << "Access-Control-Allow-Origin: *[\r][\n]"
22:07:10.166 [main] DEBUG org.apache.http.wire -  << "Access-Control-Allow-Methods: GET, POST, DELETE, PUT[\r][\n]"
22:07:10.166 [main] DEBUG org.apache.http.wire -  << "Access-Control-Allow-Headers: Content-Type, api_key, Authorization[\r][\n]"
22:07:10.166 [main] DEBUG org.apache.http.wire -  << "Server: Jetty(9.2.9.v20150224)[\r][\n]"
22:07:10.167 [main] DEBUG org.apache.http.wire -  << "[\r][\n]"
22:07:10.168 [main] DEBUG org.apache.http.impl.conn.DefaultClientConnection - Receiving response: HTTP/1.1 200 OK
22:07:10.168 [main] DEBUG org.apache.http.headers - << HTTP/1.1 200 OK
22:07:10.168 [main] DEBUG org.apache.http.headers - << Date: Mon, 08 Jan 2024 16:37:10 GMT
22:07:10.168 [main] DEBUG org.apache.http.headers - << Content-Type: application/json
22:07:10.168 [main] DEBUG org.apache.http.headers - << Transfer-Encoding: chunked
22:07:10.168 [main] DEBUG org.apache.http.headers - << Connection: keep-alive
22:07:10.169 [main] DEBUG org.apache.http.headers - << Access-Control-Allow-Origin: *
22:07:10.169 [main] DEBUG org.apache.http.headers - << Access-Control-Allow-Methods: GET, POST, DELETE, PUT
22:07:10.169 [main] DEBUG org.apache.http.headers - << Access-Control-Allow-Headers: Content-Type, api_key, Authorization
22:07:10.169 [main] DEBUG org.apache.http.headers - << Server: Jetty(9.2.9.v20150224)
22:07:10.174 [main] DEBUG org.apache.http.impl.client.DefaultHttpClient - Connection can be kept alive indefinitely
22:07:10.182 [main] DEBUG io.restassured.internal.RestAssuredHttpBuilder - Parsing response as: application/json
22:07:10.182 [main] DEBUG io.restassured.internal.RestAssuredHttpBuilder - Parsed data to instance of: class org.apache.http.conn.EofSensorInputStream
22:07:10.244 [main] DEBUG org.apache.http.wire -  << "33[\r][\n]"
22:07:10.244 [main] DEBUG org.apache.http.wire -  << "{"code":200,"type":"unknown","message":"764826684"}"
22:07:10.245 [main] DEBUG org.apache.http.wire -  << "[\r][\n]"
22:07:10.246 [main] DEBUG org.apache.http.wire -  << "0[\r][\n]"
22:07:10.246 [main] DEBUG org.apache.http.wire -  << "[\r][\n]"
22:07:10.246 [main] DEBUG org.apache.http.impl.conn.BasicClientConnectionManager - Releasing connection org.apache.http.impl.conn.ManagedClientConnectionImpl@7526bb18
22:07:10.246 [main] DEBUG org.apache.http.impl.conn.BasicClientConnectionManager - Connection can be kept alive indefinitely
22:07:10.292 [main] INFO  api.test.UserTest2 - ****************** User Created *********************
22:07:10.323 [main] INFO  api.test.UserTest2 - ****************** Reading  User Info *********************
22:07:10.452 [main] DEBUG org.apache.http.impl.conn.BasicClientConnectionManager - Get connection for route {s}->https://petstore.swagger.io:443
22:07:10.453 [main] DEBUG org.apache.http.impl.conn.DefaultClientConnectionOperator - Connecting to petstore.swagger.io:443
22:07:11.310 [main] DEBUG org.apache.http.client.protocol.RequestAddCookies - CookieSpec selected: ignoreCookies
22:07:11.310 [main] DEBUG org.apache.http.client.protocol.RequestAuthCache - Auth cache not set in the context
22:07:11.311 [main] DEBUG org.apache.http.client.protocol.RequestTargetAuthentication - Target auth state: UNCHALLENGED
22:07:11.311 [main] DEBUG org.apache.http.client.protocol.RequestProxyAuthentication - Proxy auth state: UNCHALLENGED
22:07:11.311 [main] DEBUG org.apache.http.impl.client.DefaultHttpClient - Attempt 1 to execute request
22:07:11.311 [main] DEBUG org.apache.http.impl.conn.DefaultClientConnection - Sending request: GET /v2/user/thea.vonrueden HTTP/1.1
22:07:11.311 [main] DEBUG org.apache.http.wire -  >> "GET /v2/user/thea.vonrueden HTTP/1.1[\r][\n]"
22:07:11.311 [main] DEBUG org.apache.http.wire -  >> "Accept: */*[\r][\n]"
22:07:11.312 [main] DEBUG org.apache.http.wire -  >> "Host: petstore.swagger.io[\r][\n]"
22:07:11.312 [main] DEBUG org.apache.http.wire -  >> "Connection: Keep-Alive[\r][\n]"
22:07:11.312 [main] DEBUG org.apache.http.wire -  >> "User-Agent: Apache-HttpClient/4.5.13 (Java/16.0.2)[\r][\n]"
22:07:11.312 [main] DEBUG org.apache.http.wire -  >> "Accept-Encoding: gzip,deflate[\r][\n]"
22:07:11.312 [main] DEBUG org.apache.http.wire -  >> "[\r][\n]"
22:07:11.312 [main] DEBUG org.apache.http.headers - >> GET /v2/user/thea.vonrueden HTTP/1.1
22:07:11.312 [main] DEBUG org.apache.http.headers - >> Accept: */*
22:07:11.313 [main] DEBUG org.apache.http.headers - >> Host: petstore.swagger.io
22:07:11.313 [main] DEBUG org.apache.http.headers - >> Connection: Keep-Alive
22:07:11.313 [main] DEBUG org.apache.http.headers - >> User-Agent: Apache-HttpClient/4.5.13 (Java/16.0.2)
22:07:11.313 [main] DEBUG org.apache.http.headers - >> Accept-Encoding: gzip,deflate
22:07:11.527 [main] DEBUG org.apache.http.wire -  << "HTTP/1.1 200 OK[\r][\n]"
22:07:11.527 [main] DEBUG org.apache.http.wire -  << "Date: Mon, 08 Jan 2024 16:37:11 GMT[\r][\n]"
22:07:11.528 [main] DEBUG org.apache.http.wire -  << "Content-Type: application/json[\r][\n]"
22:07:11.528 [main] DEBUG org.apache.http.wire -  << "Transfer-Encoding: chunked[\r][\n]"
22:07:11.528 [main] DEBUG org.apache.http.wire -  << "Connection: keep-alive[\r][\n]"
22:07:11.528 [main] DEBUG org.apache.http.wire -  << "Access-Control-Allow-Origin: *[\r][\n]"
22:07:11.528 [main] DEBUG org.apache.http.wire -  << "Access-Control-Allow-Methods: GET, POST, DELETE, PUT[\r][\n]"
22:07:11.529 [main] DEBUG org.apache.http.wire -  << "Access-Control-Allow-Headers: Content-Type, api_key, Authorization[\r][\n]"
22:07:11.529 [main] DEBUG org.apache.http.wire -  << "Server: Jetty(9.2.9.v20150224)[\r][\n]"
22:07:11.529 [main] DEBUG org.apache.http.wire -  << "[\r][\n]"
22:07:11.529 [main] DEBUG org.apache.http.impl.conn.DefaultClientConnection - Receiving response: HTTP/1.1 200 OK
22:07:11.529 [main] DEBUG org.apache.http.headers - << HTTP/1.1 200 OK
22:07:11.529 [main] DEBUG org.apache.http.headers - << Date: Mon, 08 Jan 2024 16:37:11 GMT
22:07:11.529 [main] DEBUG org.apache.http.headers - << Content-Type: application/json
22:07:11.531 [main] DEBUG org.apache.http.headers - << Transfer-Encoding: chunked
22:07:11.532 [main] DEBUG org.apache.http.headers - << Connection: keep-alive
22:07:11.532 [main] DEBUG org.apache.http.headers - << Access-Control-Allow-Origin: *
22:07:11.532 [main] DEBUG org.apache.http.headers - << Access-Control-Allow-Methods: GET, POST, DELETE, PUT
22:07:11.532 [main] DEBUG org.apache.http.headers - << Access-Control-Allow-Headers: Content-Type, api_key, Authorization
22:07:11.532 [main] DEBUG org.apache.http.headers - << Server: Jetty(9.2.9.v20150224)
22:07:11.533 [main] DEBUG org.apache.http.impl.client.DefaultHttpClient - Connection can be kept alive indefinitely
22:07:11.534 [main] DEBUG io.restassured.internal.RestAssuredHttpBuilder - Parsing response as: application/json
22:07:11.536 [main] DEBUG io.restassured.internal.RestAssuredHttpBuilder - Parsed data to instance of: class org.apache.http.conn.EofSensorInputStream
22:07:11.539 [main] DEBUG org.apache.http.wire -  << "c0[\r][\n]"
22:07:11.539 [main] DEBUG org.apache.http.wire -  << "{"id":764826684,"username":"thea.vonrueden","firstName":"Federico","lastName":"Nienow","email":"bennett.oberbrunner@example.com","password":"nb51wbw73","phone":"(982) 361-9894","userStatus":0}"
22:07:11.539 [main] DEBUG org.apache.http.wire -  << "[\r][\n]"
22:07:11.540 [main] DEBUG org.apache.http.wire -  << "0[\r][\n]"
22:07:11.540 [main] DEBUG org.apache.http.wire -  << "[\r][\n]"
22:07:11.540 [main] DEBUG org.apache.http.impl.conn.BasicClientConnectionManager - Releasing connection org.apache.http.impl.conn.ManagedClientConnectionImpl@4da9da6c
22:07:11.540 [main] DEBUG org.apache.http.impl.conn.BasicClientConnectionManager - Connection can be kept alive indefinitely
22:07:11.543 [main] INFO  api.test.UserTest2 - ****************** User Info Displayed*********************
22:07:11.548 [main] INFO  api.test.UserTest2 - ****************** Updating User *********************
22:07:11.591 [main] DEBUG org.apache.http.impl.conn.BasicClientConnectionManager - Get connection for route {s}->https://petstore.swagger.io:443
22:07:11.591 [main] DEBUG org.apache.http.impl.conn.DefaultClientConnectionOperator - Connecting to petstore.swagger.io:443
22:07:12.702 [main] DEBUG org.apache.http.client.protocol.RequestAddCookies - CookieSpec selected: ignoreCookies
22:07:12.702 [main] DEBUG org.apache.http.client.protocol.RequestAuthCache - Auth cache not set in the context
22:07:12.702 [main] DEBUG org.apache.http.client.protocol.RequestTargetAuthentication - Target auth state: UNCHALLENGED
22:07:12.702 [main] DEBUG org.apache.http.client.protocol.RequestProxyAuthentication - Proxy auth state: UNCHALLENGED
22:07:12.702 [main] DEBUG org.apache.http.impl.client.DefaultHttpClient - Attempt 1 to execute request
22:07:12.702 [main] DEBUG org.apache.http.impl.conn.DefaultClientConnection - Sending request: PUT /v2/user/thea.vonrueden HTTP/1.1
22:07:12.703 [main] DEBUG org.apache.http.wire -  >> "PUT /v2/user/thea.vonrueden HTTP/1.1[\r][\n]"
22:07:12.703 [main] DEBUG org.apache.http.wire -  >> "Accept: application/json, application/javascript, text/javascript, text/json[\r][\n]"
22:07:12.703 [main] DEBUG org.apache.http.wire -  >> "Content-Type: application/json[\r][\n]"
22:07:12.703 [main] DEBUG org.apache.http.wire -  >> "Content-Length: 184[\r][\n]"
22:07:12.703 [main] DEBUG org.apache.http.wire -  >> "Host: petstore.swagger.io[\r][\n]"
22:07:12.703 [main] DEBUG org.apache.http.wire -  >> "Connection: Keep-Alive[\r][\n]"
22:07:12.703 [main] DEBUG org.apache.http.wire -  >> "User-Agent: Apache-HttpClient/4.5.13 (Java/16.0.2)[\r][\n]"
22:07:12.704 [main] DEBUG org.apache.http.wire -  >> "Accept-Encoding: gzip,deflate[\r][\n]"
22:07:12.704 [main] DEBUG org.apache.http.wire -  >> "[\r][\n]"
22:07:12.704 [main] DEBUG org.apache.http.headers - >> PUT /v2/user/thea.vonrueden HTTP/1.1
22:07:12.704 [main] DEBUG org.apache.http.headers - >> Accept: application/json, application/javascript, text/javascript, text/json
22:07:12.705 [main] DEBUG org.apache.http.headers - >> Content-Type: application/json
22:07:12.705 [main] DEBUG org.apache.http.headers - >> Content-Length: 184
22:07:12.705 [main] DEBUG org.apache.http.headers - >> Host: petstore.swagger.io
22:07:12.705 [main] DEBUG org.apache.http.headers - >> Connection: Keep-Alive
22:07:12.705 [main] DEBUG org.apache.http.headers - >> User-Agent: Apache-HttpClient/4.5.13 (Java/16.0.2)
22:07:12.705 [main] DEBUG org.apache.http.headers - >> Accept-Encoding: gzip,deflate
22:07:12.705 [main] DEBUG org.apache.http.wire -  >> "{"id":764826684,"username":"thea.vonrueden","firstName":"Len","lastName":"Kozey","email":"refugio.schneider@example.com","password":"nb51wbw73","phone":"(982) 361-9894","userStatus":0}"
22:07:12.930 [main] DEBUG org.apache.http.wire -  << "HTTP/1.1 200 OK[\r][\n]"
22:07:12.931 [main] DEBUG org.apache.http.wire -  << "Date: Mon, 08 Jan 2024 16:37:12 GMT[\r][\n]"
22:07:12.931 [main] DEBUG org.apache.http.wire -  << "Content-Type: application/json[\r][\n]"
22:07:12.931 [main] DEBUG org.apache.http.wire -  << "Transfer-Encoding: chunked[\r][\n]"
22:07:12.931 [main] DEBUG org.apache.http.wire -  << "Connection: keep-alive[\r][\n]"
22:07:12.931 [main] DEBUG org.apache.http.wire -  << "Access-Control-Allow-Origin: *[\r][\n]"
22:07:12.932 [main] DEBUG org.apache.http.wire -  << "Access-Control-Allow-Methods: GET, POST, DELETE, PUT[\r][\n]"
22:07:12.932 [main] DEBUG org.apache.http.wire -  << "Access-Control-Allow-Headers: Content-Type, api_key, Authorization[\r][\n]"
22:07:12.932 [main] DEBUG org.apache.http.wire -  << "Server: Jetty(9.2.9.v20150224)[\r][\n]"
22:07:12.932 [main] DEBUG org.apache.http.wire -  << "[\r][\n]"
22:07:12.932 [main] DEBUG org.apache.http.impl.conn.DefaultClientConnection - Receiving response: HTTP/1.1 200 OK
22:07:12.933 [main] DEBUG org.apache.http.headers - << HTTP/1.1 200 OK
22:07:12.933 [main] DEBUG org.apache.http.headers - << Date: Mon, 08 Jan 2024 16:37:12 GMT
22:07:12.933 [main] DEBUG org.apache.http.headers - << Content-Type: application/json
22:07:12.933 [main] DEBUG org.apache.http.headers - << Transfer-Encoding: chunked
22:07:12.933 [main] DEBUG org.apache.http.headers - << Connection: keep-alive
22:07:12.933 [main] DEBUG org.apache.http.headers - << Access-Control-Allow-Origin: *
22:07:12.933 [main] DEBUG org.apache.http.headers - << Access-Control-Allow-Methods: GET, POST, DELETE, PUT
22:07:12.933 [main] DEBUG org.apache.http.headers - << Access-Control-Allow-Headers: Content-Type, api_key, Authorization
22:07:12.933 [main] DEBUG org.apache.http.headers - << Server: Jetty(9.2.9.v20150224)
22:07:12.934 [main] DEBUG org.apache.http.impl.client.DefaultHttpClient - Connection can be kept alive indefinitely
22:07:12.934 [main] DEBUG io.restassured.internal.RestAssuredHttpBuilder - Parsing response as: application/json
22:07:12.934 [main] DEBUG io.restassured.internal.RestAssuredHttpBuilder - Parsed data to instance of: class org.apache.http.conn.EofSensorInputStream
22:07:12.936 [main] DEBUG org.apache.http.wire -  << "33[\r][\n]"
22:07:12.937 [main] DEBUG org.apache.http.wire -  << "{"code":200,"type":"unknown","message":"764826684"}"
22:07:12.937 [main] DEBUG org.apache.http.wire -  << "[\r][\n]"
22:07:12.937 [main] DEBUG org.apache.http.wire -  << "0[\r][\n]"
22:07:12.938 [main] DEBUG org.apache.http.wire -  << "[\r][\n]"
22:07:12.938 [main] DEBUG org.apache.http.impl.conn.BasicClientConnectionManager - Releasing connection org.apache.http.impl.conn.ManagedClientConnectionImpl@4509b7
22:07:12.938 [main] DEBUG org.apache.http.impl.conn.BasicClientConnectionManager - Connection can be kept alive indefinitely
22:07:12.939 [main] INFO  api.test.UserTest2 - ****************** User updated *********************
22:07:12.965 [main] DEBUG org.apache.http.impl.conn.BasicClientConnectionManager - Get connection for route {s}->https://petstore.swagger.io:443
22:07:12.965 [main] DEBUG org.apache.http.impl.conn.DefaultClientConnectionOperator - Connecting to petstore.swagger.io:443
22:07:13.800 [main] DEBUG org.apache.http.client.protocol.RequestAddCookies - CookieSpec selected: ignoreCookies
22:07:13.800 [main] DEBUG org.apache.http.client.protocol.RequestAuthCache - Auth cache not set in the context
22:07:13.800 [main] DEBUG org.apache.http.client.protocol.RequestTargetAuthentication - Target auth state: UNCHALLENGED
22:07:13.800 [main] DEBUG org.apache.http.client.protocol.RequestProxyAuthentication - Proxy auth state: UNCHALLENGED
22:07:13.800 [main] DEBUG org.apache.http.impl.client.DefaultHttpClient - Attempt 1 to execute request
22:07:13.800 [main] DEBUG org.apache.http.impl.conn.DefaultClientConnection - Sending request: GET /v2/user/thea.vonrueden HTTP/1.1
22:07:13.801 [main] DEBUG org.apache.http.wire -  >> "GET /v2/user/thea.vonrueden HTTP/1.1[\r][\n]"
22:07:13.801 [main] DEBUG org.apache.http.wire -  >> "Accept: */*[\r][\n]"
22:07:13.801 [main] DEBUG org.apache.http.wire -  >> "Host: petstore.swagger.io[\r][\n]"
22:07:13.801 [main] DEBUG org.apache.http.wire -  >> "Connection: Keep-Alive[\r][\n]"
22:07:13.801 [main] DEBUG org.apache.http.wire -  >> "User-Agent: Apache-HttpClient/4.5.13 (Java/16.0.2)[\r][\n]"
22:07:13.801 [main] DEBUG org.apache.http.wire -  >> "Accept-Encoding: gzip,deflate[\r][\n]"
22:07:13.802 [main] DEBUG org.apache.http.wire -  >> "[\r][\n]"
22:07:13.802 [main] DEBUG org.apache.http.headers - >> GET /v2/user/thea.vonrueden HTTP/1.1
22:07:13.802 [main] DEBUG org.apache.http.headers - >> Accept: */*
22:07:13.802 [main] DEBUG org.apache.http.headers - >> Host: petstore.swagger.io
22:07:13.802 [main] DEBUG org.apache.http.headers - >> Connection: Keep-Alive
22:07:13.802 [main] DEBUG org.apache.http.headers - >> User-Agent: Apache-HttpClient/4.5.13 (Java/16.0.2)
22:07:13.802 [main] DEBUG org.apache.http.headers - >> Accept-Encoding: gzip,deflate
22:07:14.010 [main] DEBUG org.apache.http.wire -  << "HTTP/1.1 200 OK[\r][\n]"
22:07:14.011 [main] DEBUG org.apache.http.wire -  << "Date: Mon, 08 Jan 2024 16:37:13 GMT[\r][\n]"
22:07:14.011 [main] DEBUG org.apache.http.wire -  << "Content-Type: application/json[\r][\n]"
22:07:14.011 [main] DEBUG org.apache.http.wire -  << "Transfer-Encoding: chunked[\r][\n]"
22:07:14.011 [main] DEBUG org.apache.http.wire -  << "Connection: keep-alive[\r][\n]"
22:07:14.011 [main] DEBUG org.apache.http.wire -  << "Access-Control-Allow-Origin: *[\r][\n]"
22:07:14.012 [main] DEBUG org.apache.http.wire -  << "Access-Control-Allow-Methods: GET, POST, DELETE, PUT[\r][\n]"
22:07:14.012 [main] DEBUG org.apache.http.wire -  << "Access-Control-Allow-Headers: Content-Type, api_key, Authorization[\r][\n]"
22:07:14.012 [main] DEBUG org.apache.http.wire -  << "Server: Jetty(9.2.9.v20150224)[\r][\n]"
22:07:14.012 [main] DEBUG org.apache.http.wire -  << "[\r][\n]"
22:07:14.012 [main] DEBUG org.apache.http.impl.conn.DefaultClientConnection - Receiving response: HTTP/1.1 200 OK
22:07:14.012 [main] DEBUG org.apache.http.headers - << HTTP/1.1 200 OK
22:07:14.012 [main] DEBUG org.apache.http.headers - << Date: Mon, 08 Jan 2024 16:37:13 GMT
22:07:14.012 [main] DEBUG org.apache.http.headers - << Content-Type: application/json
22:07:14.013 [main] DEBUG org.apache.http.headers - << Transfer-Encoding: chunked
22:07:14.013 [main] DEBUG org.apache.http.headers - << Connection: keep-alive
22:07:14.013 [main] DEBUG org.apache.http.headers - << Access-Control-Allow-Origin: *
22:07:14.013 [main] DEBUG org.apache.http.headers - << Access-Control-Allow-Methods: GET, POST, DELETE, PUT
22:07:14.013 [main] DEBUG org.apache.http.headers - << Access-Control-Allow-Headers: Content-Type, api_key, Authorization
22:07:14.013 [main] DEBUG org.apache.http.headers - << Server: Jetty(9.2.9.v20150224)
22:07:14.013 [main] DEBUG org.apache.http.impl.client.DefaultHttpClient - Connection can be kept alive indefinitely
22:07:14.013 [main] DEBUG io.restassured.internal.RestAssuredHttpBuilder - Parsing response as: application/json
22:07:14.014 [main] DEBUG io.restassured.internal.RestAssuredHttpBuilder - Parsed data to instance of: class org.apache.http.conn.EofSensorInputStream
22:07:14.020 [main] INFO  api.test.UserTest2 - ******************Deleting User *********************
22:07:14.041 [main] DEBUG org.apache.http.impl.conn.BasicClientConnectionManager - Get connection for route {s}->https://petstore.swagger.io:443
22:07:14.041 [main] DEBUG org.apache.http.impl.conn.DefaultClientConnectionOperator - Connecting to petstore.swagger.io:443
22:07:14.903 [main] DEBUG org.apache.http.client.protocol.RequestAddCookies - CookieSpec selected: ignoreCookies
22:07:14.903 [main] DEBUG org.apache.http.client.protocol.RequestAuthCache - Auth cache not set in the context
22:07:14.903 [main] DEBUG org.apache.http.client.protocol.RequestTargetAuthentication - Target auth state: UNCHALLENGED
22:07:14.903 [main] DEBUG org.apache.http.client.protocol.RequestProxyAuthentication - Proxy auth state: UNCHALLENGED
22:07:14.904 [main] DEBUG org.apache.http.impl.client.DefaultHttpClient - Attempt 1 to execute request
22:07:14.904 [main] DEBUG org.apache.http.impl.conn.DefaultClientConnection - Sending request: DELETE /v2/user/thea.vonrueden HTTP/1.1
22:07:14.904 [main] DEBUG org.apache.http.wire -  >> "DELETE /v2/user/thea.vonrueden HTTP/1.1[\r][\n]"
22:07:14.904 [main] DEBUG org.apache.http.wire -  >> "Accept: */*[\r][\n]"
22:07:14.905 [main] DEBUG org.apache.http.wire -  >> "Host: petstore.swagger.io[\r][\n]"
22:07:14.905 [main] DEBUG org.apache.http.wire -  >> "Connection: Keep-Alive[\r][\n]"
22:07:14.905 [main] DEBUG org.apache.http.wire -  >> "User-Agent: Apache-HttpClient/4.5.13 (Java/16.0.2)[\r][\n]"
22:07:14.905 [main] DEBUG org.apache.http.wire -  >> "Accept-Encoding: gzip,deflate[\r][\n]"
22:07:14.905 [main] DEBUG org.apache.http.wire -  >> "[\r][\n]"
22:07:14.905 [main] DEBUG org.apache.http.headers - >> DELETE /v2/user/thea.vonrueden HTTP/1.1
22:07:14.905 [main] DEBUG org.apache.http.headers - >> Accept: */*
22:07:14.906 [main] DEBUG org.apache.http.headers - >> Host: petstore.swagger.io
22:07:14.906 [main] DEBUG org.apache.http.headers - >> Connection: Keep-Alive
22:07:14.906 [main] DEBUG org.apache.http.headers - >> User-Agent: Apache-HttpClient/4.5.13 (Java/16.0.2)
22:07:14.906 [main] DEBUG org.apache.http.headers - >> Accept-Encoding: gzip,deflate
22:07:15.118 [main] DEBUG org.apache.http.wire -  << "HTTP/1.1 200 OK[\r][\n]"
22:07:15.119 [main] DEBUG org.apache.http.wire -  << "Date: Mon, 08 Jan 2024 16:37:15 GMT[\r][\n]"
22:07:15.119 [main] DEBUG org.apache.http.wire -  << "Content-Type: application/json[\r][\n]"
22:07:15.119 [main] DEBUG org.apache.http.wire -  << "Transfer-Encoding: chunked[\r][\n]"
22:07:15.119 [main] DEBUG org.apache.http.wire -  << "Connection: keep-alive[\r][\n]"
22:07:15.119 [main] DEBUG org.apache.http.wire -  << "Access-Control-Allow-Origin: *[\r][\n]"
22:07:15.119 [main] DEBUG org.apache.http.wire -  << "Access-Control-Allow-Methods: GET, POST, DELETE, PUT[\r][\n]"
22:07:15.119 [main] DEBUG org.apache.http.wire -  << "Access-Control-Allow-Headers: Content-Type, api_key, Authorization[\r][\n]"
22:07:15.119 [main] DEBUG org.apache.http.wire -  << "Server: Jetty(9.2.9.v20150224)[\r][\n]"
22:07:15.119 [main] DEBUG org.apache.http.wire -  << "[\r][\n]"
22:07:15.120 [main] DEBUG org.apache.http.impl.conn.DefaultClientConnection - Receiving response: HTTP/1.1 200 OK
22:07:15.120 [main] DEBUG org.apache.http.headers - << HTTP/1.1 200 OK
22:07:15.120 [main] DEBUG org.apache.http.headers - << Date: Mon, 08 Jan 2024 16:37:15 GMT
22:07:15.120 [main] DEBUG org.apache.http.headers - << Content-Type: application/json
22:07:15.120 [main] DEBUG org.apache.http.headers - << Transfer-Encoding: chunked
22:07:15.120 [main] DEBUG org.apache.http.headers - << Connection: keep-alive
22:07:15.120 [main] DEBUG org.apache.http.headers - << Access-Control-Allow-Origin: *
22:07:15.120 [main] DEBUG org.apache.http.headers - << Access-Control-Allow-Methods: GET, POST, DELETE, PUT
22:07:15.120 [main] DEBUG org.apache.http.headers - << Access-Control-Allow-Headers: Content-Type, api_key, Authorization
22:07:15.120 [main] DEBUG org.apache.http.headers - << Server: Jetty(9.2.9.v20150224)
22:07:15.120 [main] DEBUG org.apache.http.impl.client.DefaultHttpClient - Connection can be kept alive indefinitely
22:07:15.121 [main] DEBUG io.restassured.internal.RestAssuredHttpBuilder - Parsing response as: application/json
22:07:15.121 [main] DEBUG io.restassured.internal.RestAssuredHttpBuilder - Parsed data to instance of: class org.apache.http.conn.EofSensorInputStream
22:07:15.122 [main] INFO  api.test.UserTest2 - ****************** User Deleted*********************
22:07:15.414 [Finalizer] DEBUG org.apache.http.impl.conn.DefaultClientConnection - Connection 0.0.0.0:54438<->3.211.104.197:443 closed
22:07:15.416 [Finalizer] DEBUG org.apache.http.impl.conn.DefaultClientConnection - Connection 0.0.0.0:54437<->3.211.104.197:443 closed
22:07:15.416 [Finalizer] DEBUG org.apache.http.impl.conn.DefaultClientConnection - Connection 0.0.0.0:54436<->3.211.104.197:443 closed
22:07:15.417 [Finalizer] DEBUG org.apache.http.impl.conn.DefaultClientConnection - Connection 0.0.0.0:54441<->3.211.104.197:443 closed
22:32:47.456 [main] INFO  api.test.UserTest2 - ****************** Creating User *********************
22:32:51.494 [main] DEBUG org.apache.http.impl.conn.BasicClientConnectionManager - Get connection for route {s}->https://petstore.swagger.io:443
22:32:51.574 [main] DEBUG org.apache.http.impl.conn.DefaultClientConnectionOperator - Connecting to petstore.swagger.io:443
22:32:52.845 [main] DEBUG org.apache.http.client.protocol.RequestAddCookies - CookieSpec selected: ignoreCookies
22:32:52.846 [main] DEBUG org.apache.http.client.protocol.RequestAuthCache - Auth cache not set in the context
22:32:52.847 [main] DEBUG org.apache.http.client.protocol.RequestTargetAuthentication - Target auth state: UNCHALLENGED
22:32:52.847 [main] DEBUG org.apache.http.client.protocol.RequestProxyAuthentication - Proxy auth state: UNCHALLENGED
22:32:52.847 [main] DEBUG org.apache.http.impl.client.DefaultHttpClient - Attempt 1 to execute request
22:32:52.848 [main] DEBUG org.apache.http.impl.conn.DefaultClientConnection - Sending request: POST /v2/user HTTP/1.1
22:32:52.848 [main] DEBUG org.apache.http.wire -  >> "POST /v2/user HTTP/1.1[\r][\n]"
22:32:52.849 [main] DEBUG org.apache.http.wire -  >> "Accept: application/json, application/javascript, text/javascript, text/json[\r][\n]"
22:32:52.850 [main] DEBUG org.apache.http.wire -  >> "Content-Type: application/json[\r][\n]"
22:32:52.850 [main] DEBUG org.apache.http.wire -  >> "Content-Length: 182[\r][\n]"
22:32:52.850 [main] DEBUG org.apache.http.wire -  >> "Host: petstore.swagger.io[\r][\n]"
22:32:52.850 [main] DEBUG org.apache.http.wire -  >> "Connection: Keep-Alive[\r][\n]"
22:32:52.850 [main] DEBUG org.apache.http.wire -  >> "User-Agent: Apache-HttpClient/4.5.13 (Java/16.0.2)[\r][\n]"
22:32:52.850 [main] DEBUG org.apache.http.wire -  >> "Accept-Encoding: gzip,deflate[\r][\n]"
22:32:52.851 [main] DEBUG org.apache.http.wire -  >> "[\r][\n]"
22:32:52.851 [main] DEBUG org.apache.http.headers - >> POST /v2/user HTTP/1.1
22:32:52.851 [main] DEBUG org.apache.http.headers - >> Accept: application/json, application/javascript, text/javascript, text/json
22:32:52.851 [main] DEBUG org.apache.http.headers - >> Content-Type: application/json
22:32:52.851 [main] DEBUG org.apache.http.headers - >> Content-Length: 182
22:32:52.851 [main] DEBUG org.apache.http.headers - >> Host: petstore.swagger.io
22:32:52.851 [main] DEBUG org.apache.http.headers - >> Connection: Keep-Alive
22:32:52.851 [main] DEBUG org.apache.http.headers - >> User-Agent: Apache-HttpClient/4.5.13 (Java/16.0.2)
22:32:52.852 [main] DEBUG org.apache.http.headers - >> Accept-Encoding: gzip,deflate
22:32:52.854 [main] DEBUG org.apache.http.wire -  >> "{"id":33419717,"username":"zachariah.gleason","firstName":"Jung","lastName":"Leuschke","email":"gayle.bogan@example.com","password":"a3vrj6y","phone":"(624) 877-6756","userStatus":0}"
22:32:53.062 [main] DEBUG org.apache.http.wire -  << "HTTP/1.1 200 OK[\r][\n]"
22:32:53.064 [main] DEBUG org.apache.http.wire -  << "Date: Mon, 08 Jan 2024 17:02:53 GMT[\r][\n]"
22:32:53.064 [main] DEBUG org.apache.http.wire -  << "Content-Type: application/json[\r][\n]"
22:32:53.065 [main] DEBUG org.apache.http.wire -  << "Transfer-Encoding: chunked[\r][\n]"
22:32:53.065 [main] DEBUG org.apache.http.wire -  << "Connection: keep-alive[\r][\n]"
22:32:53.065 [main] DEBUG org.apache.http.wire -  << "Access-Control-Allow-Origin: *[\r][\n]"
22:32:53.065 [main] DEBUG org.apache.http.wire -  << "Access-Control-Allow-Methods: GET, POST, DELETE, PUT[\r][\n]"
22:32:53.065 [main] DEBUG org.apache.http.wire -  << "Access-Control-Allow-Headers: Content-Type, api_key, Authorization[\r][\n]"
22:32:53.066 [main] DEBUG org.apache.http.wire -  << "Server: Jetty(9.2.9.v20150224)[\r][\n]"
22:32:53.066 [main] DEBUG org.apache.http.wire -  << "[\r][\n]"
22:32:53.067 [main] DEBUG org.apache.http.impl.conn.DefaultClientConnection - Receiving response: HTTP/1.1 200 OK
22:32:53.067 [main] DEBUG org.apache.http.headers - << HTTP/1.1 200 OK
22:32:53.068 [main] DEBUG org.apache.http.headers - << Date: Mon, 08 Jan 2024 17:02:53 GMT
22:32:53.068 [main] DEBUG org.apache.http.headers - << Content-Type: application/json
22:32:53.068 [main] DEBUG org.apache.http.headers - << Transfer-Encoding: chunked
22:32:53.068 [main] DEBUG org.apache.http.headers - << Connection: keep-alive
22:32:53.068 [main] DEBUG org.apache.http.headers - << Access-Control-Allow-Origin: *
22:32:53.068 [main] DEBUG org.apache.http.headers - << Access-Control-Allow-Methods: GET, POST, DELETE, PUT
22:32:53.068 [main] DEBUG org.apache.http.headers - << Access-Control-Allow-Headers: Content-Type, api_key, Authorization
22:32:53.068 [main] DEBUG org.apache.http.headers - << Server: Jetty(9.2.9.v20150224)
22:32:53.078 [main] DEBUG org.apache.http.impl.client.DefaultHttpClient - Connection can be kept alive indefinitely
22:32:53.091 [main] DEBUG io.restassured.internal.RestAssuredHttpBuilder - Parsing response as: application/json
22:32:53.091 [main] DEBUG io.restassured.internal.RestAssuredHttpBuilder - Parsed data to instance of: class org.apache.http.conn.EofSensorInputStream
22:32:53.161 [main] DEBUG org.apache.http.wire -  << "32[\r][\n]"
22:32:53.161 [main] DEBUG org.apache.http.wire -  << "{"code":200,"type":"unknown","message":"33419717"}"
22:32:53.165 [main] DEBUG org.apache.http.wire -  << "[\r][\n]"
22:32:53.166 [main] DEBUG org.apache.http.wire -  << "0[\r][\n]"
22:32:53.167 [main] DEBUG org.apache.http.wire -  << "[\r][\n]"
22:32:53.168 [main] DEBUG org.apache.http.impl.conn.BasicClientConnectionManager - Releasing connection org.apache.http.impl.conn.ManagedClientConnectionImpl@33827b88
22:32:53.168 [main] DEBUG org.apache.http.impl.conn.BasicClientConnectionManager - Connection can be kept alive indefinitely
22:32:53.244 [main] INFO  api.test.UserTest2 - ****************** User Created *********************
22:32:53.279 [main] INFO  api.test.UserTest2 - ****************** Reading  User Info *********************
22:32:53.405 [main] DEBUG org.apache.http.impl.conn.BasicClientConnectionManager - Get connection for route {s}->https://petstore.swagger.io:443
22:32:53.405 [main] DEBUG org.apache.http.impl.conn.DefaultClientConnectionOperator - Connecting to petstore.swagger.io:443
22:32:54.279 [main] DEBUG org.apache.http.client.protocol.RequestAddCookies - CookieSpec selected: ignoreCookies
22:32:54.279 [main] DEBUG org.apache.http.client.protocol.RequestAuthCache - Auth cache not set in the context
22:32:54.280 [main] DEBUG org.apache.http.client.protocol.RequestTargetAuthentication - Target auth state: UNCHALLENGED
22:32:54.280 [main] DEBUG org.apache.http.client.protocol.RequestProxyAuthentication - Proxy auth state: UNCHALLENGED
22:32:54.280 [main] DEBUG org.apache.http.impl.client.DefaultHttpClient - Attempt 1 to execute request
22:32:54.280 [main] DEBUG org.apache.http.impl.conn.DefaultClientConnection - Sending request: GET /v2/user/zachariah.gleason HTTP/1.1
22:32:54.281 [main] DEBUG org.apache.http.wire -  >> "GET /v2/user/zachariah.gleason HTTP/1.1[\r][\n]"
22:32:54.281 [main] DEBUG org.apache.http.wire -  >> "Accept: */*[\r][\n]"
22:32:54.281 [main] DEBUG org.apache.http.wire -  >> "Host: petstore.swagger.io[\r][\n]"
22:32:54.281 [main] DEBUG org.apache.http.wire -  >> "Connection: Keep-Alive[\r][\n]"
22:32:54.281 [main] DEBUG org.apache.http.wire -  >> "User-Agent: Apache-HttpClient/4.5.13 (Java/16.0.2)[\r][\n]"
22:32:54.282 [main] DEBUG org.apache.http.wire -  >> "Accept-Encoding: gzip,deflate[\r][\n]"
22:32:54.282 [main] DEBUG org.apache.http.wire -  >> "[\r][\n]"
22:32:54.282 [main] DEBUG org.apache.http.headers - >> GET /v2/user/zachariah.gleason HTTP/1.1
22:32:54.282 [main] DEBUG org.apache.http.headers - >> Accept: */*
22:32:54.282 [main] DEBUG org.apache.http.headers - >> Host: petstore.swagger.io
22:32:54.282 [main] DEBUG org.apache.http.headers - >> Connection: Keep-Alive
22:32:54.282 [main] DEBUG org.apache.http.headers - >> User-Agent: Apache-HttpClient/4.5.13 (Java/16.0.2)
22:32:54.282 [main] DEBUG org.apache.http.headers - >> Accept-Encoding: gzip,deflate
22:32:54.495 [main] DEBUG org.apache.http.wire -  << "HTTP/1.1 200 OK[\r][\n]"
22:32:54.496 [main] DEBUG org.apache.http.wire -  << "Date: Mon, 08 Jan 2024 17:02:54 GMT[\r][\n]"
22:32:54.496 [main] DEBUG org.apache.http.wire -  << "Content-Type: application/json[\r][\n]"
22:32:54.496 [main] DEBUG org.apache.http.wire -  << "Transfer-Encoding: chunked[\r][\n]"
22:32:54.496 [main] DEBUG org.apache.http.wire -  << "Connection: keep-alive[\r][\n]"
22:32:54.497 [main] DEBUG org.apache.http.wire -  << "Access-Control-Allow-Origin: *[\r][\n]"
22:32:54.497 [main] DEBUG org.apache.http.wire -  << "Access-Control-Allow-Methods: GET, POST, DELETE, PUT[\r][\n]"
22:32:54.497 [main] DEBUG org.apache.http.wire -  << "Access-Control-Allow-Headers: Content-Type, api_key, Authorization[\r][\n]"
22:32:54.497 [main] DEBUG org.apache.http.wire -  << "Server: Jetty(9.2.9.v20150224)[\r][\n]"
22:32:54.497 [main] DEBUG org.apache.http.wire -  << "[\r][\n]"
22:32:54.497 [main] DEBUG org.apache.http.impl.conn.DefaultClientConnection - Receiving response: HTTP/1.1 200 OK
22:32:54.497 [main] DEBUG org.apache.http.headers - << HTTP/1.1 200 OK
22:32:54.498 [main] DEBUG org.apache.http.headers - << Date: Mon, 08 Jan 2024 17:02:54 GMT
22:32:54.498 [main] DEBUG org.apache.http.headers - << Content-Type: application/json
22:32:54.498 [main] DEBUG org.apache.http.headers - << Transfer-Encoding: chunked
22:32:54.498 [main] DEBUG org.apache.http.headers - << Connection: keep-alive
22:32:54.498 [main] DEBUG org.apache.http.headers - << Access-Control-Allow-Origin: *
22:32:54.498 [main] DEBUG org.apache.http.headers - << Access-Control-Allow-Methods: GET, POST, DELETE, PUT
22:32:54.498 [main] DEBUG org.apache.http.headers - << Access-Control-Allow-Headers: Content-Type, api_key, Authorization
22:32:54.498 [main] DEBUG org.apache.http.headers - << Server: Jetty(9.2.9.v20150224)
22:32:54.499 [main] DEBUG org.apache.http.impl.client.DefaultHttpClient - Connection can be kept alive indefinitely
22:32:54.499 [main] DEBUG io.restassured.internal.RestAssuredHttpBuilder - Parsing response as: application/json
22:32:54.499 [main] DEBUG io.restassured.internal.RestAssuredHttpBuilder - Parsed data to instance of: class org.apache.http.conn.EofSensorInputStream
22:32:54.501 [main] DEBUG org.apache.http.wire -  << "b6[\r][\n]"
22:32:54.501 [main] DEBUG org.apache.http.wire -  << "{"id":33419717,"username":"zachariah.gleason","firstName":"Jung","lastName":"Leuschke","email":"gayle.bogan@example.com","password":"a3vrj6y","phone":"(624) 877-6756","userStatus":0}"
22:32:54.503 [main] DEBUG org.apache.http.wire -  << "[\r][\n]"
22:32:54.504 [main] DEBUG org.apache.http.wire -  << "0[\r][\n]"
22:32:54.504 [main] DEBUG org.apache.http.wire -  << "[\r][\n]"
22:32:54.504 [main] DEBUG org.apache.http.impl.conn.BasicClientConnectionManager - Releasing connection org.apache.http.impl.conn.ManagedClientConnectionImpl@6148827c
22:32:54.504 [main] DEBUG org.apache.http.impl.conn.BasicClientConnectionManager - Connection can be kept alive indefinitely
22:32:54.507 [main] INFO  api.test.UserTest2 - ****************** User Info Displayed*********************
22:32:54.511 [main] INFO  api.test.UserTest2 - ****************** Updating User *********************
22:32:54.545 [main] DEBUG org.apache.http.impl.conn.BasicClientConnectionManager - Get connection for route {s}->https://petstore.swagger.io:443
22:32:54.546 [main] DEBUG org.apache.http.impl.conn.DefaultClientConnectionOperator - Connecting to petstore.swagger.io:443
22:32:54.766 [Finalizer] DEBUG org.apache.http.impl.conn.DefaultClientConnection - Connection 0.0.0.0:54606<->3.211.104.197:443 closed
22:32:55.381 [main] DEBUG org.apache.http.client.protocol.RequestAddCookies - CookieSpec selected: ignoreCookies
22:32:55.381 [main] DEBUG org.apache.http.client.protocol.RequestAuthCache - Auth cache not set in the context
22:32:55.381 [main] DEBUG org.apache.http.client.protocol.RequestTargetAuthentication - Target auth state: UNCHALLENGED
22:32:55.382 [main] DEBUG org.apache.http.client.protocol.RequestProxyAuthentication - Proxy auth state: UNCHALLENGED
22:32:55.382 [main] DEBUG org.apache.http.impl.client.DefaultHttpClient - Attempt 1 to execute request
22:32:55.382 [main] DEBUG org.apache.http.impl.conn.DefaultClientConnection - Sending request: PUT /v2/user/zachariah.gleason HTTP/1.1
22:32:55.382 [main] DEBUG org.apache.http.wire -  >> "PUT /v2/user/zachariah.gleason HTTP/1.1[\r][\n]"
22:32:55.382 [main] DEBUG org.apache.http.wire -  >> "Accept: application/json, application/javascript, text/javascript, text/json[\r][\n]"
22:32:55.382 [main] DEBUG org.apache.http.wire -  >> "Content-Type: application/json[\r][\n]"
22:32:55.382 [main] DEBUG org.apache.http.wire -  >> "Content-Length: 185[\r][\n]"
22:32:55.383 [main] DEBUG org.apache.http.wire -  >> "Host: petstore.swagger.io[\r][\n]"
22:32:55.383 [main] DEBUG org.apache.http.wire -  >> "Connection: Keep-Alive[\r][\n]"
22:32:55.383 [main] DEBUG org.apache.http.wire -  >> "User-Agent: Apache-HttpClient/4.5.13 (Java/16.0.2)[\r][\n]"
22:32:55.383 [main] DEBUG org.apache.http.wire -  >> "Accept-Encoding: gzip,deflate[\r][\n]"
22:32:55.383 [main] DEBUG org.apache.http.wire -  >> "[\r][\n]"
22:32:55.384 [main] DEBUG org.apache.http.headers - >> PUT /v2/user/zachariah.gleason HTTP/1.1
22:32:55.384 [main] DEBUG org.apache.http.headers - >> Accept: application/json, application/javascript, text/javascript, text/json
22:32:55.384 [main] DEBUG org.apache.http.headers - >> Content-Type: application/json
22:32:55.384 [main] DEBUG org.apache.http.headers - >> Content-Length: 185
22:32:55.384 [main] DEBUG org.apache.http.headers - >> Host: petstore.swagger.io
22:32:55.384 [main] DEBUG org.apache.http.headers - >> Connection: Keep-Alive
22:32:55.384 [main] DEBUG org.apache.http.headers - >> User-Agent: Apache-HttpClient/4.5.13 (Java/16.0.2)
22:32:55.384 [main] DEBUG org.apache.http.headers - >> Accept-Encoding: gzip,deflate
22:32:55.385 [main] DEBUG org.apache.http.wire -  >> "{"id":33419717,"username":"zachariah.gleason","firstName":"Laverne","lastName":"Rice","email":"minerva.osinski@example.com","password":"a3vrj6y","phone":"(624) 877-6756","userStatus":0}"
22:32:55.592 [main] DEBUG org.apache.http.wire -  << "HTTP/1.1 200 OK[\r][\n]"
22:32:55.592 [main] DEBUG org.apache.http.wire -  << "Date: Mon, 08 Jan 2024 17:02:55 GMT[\r][\n]"
22:32:55.592 [main] DEBUG org.apache.http.wire -  << "Content-Type: application/json[\r][\n]"
22:32:55.592 [main] DEBUG org.apache.http.wire -  << "Transfer-Encoding: chunked[\r][\n]"
22:32:55.593 [main] DEBUG org.apache.http.wire -  << "Connection: keep-alive[\r][\n]"
22:32:55.593 [main] DEBUG org.apache.http.wire -  << "Access-Control-Allow-Origin: *[\r][\n]"
22:32:55.593 [main] DEBUG org.apache.http.wire -  << "Access-Control-Allow-Methods: GET, POST, DELETE, PUT[\r][\n]"
22:32:55.593 [main] DEBUG org.apache.http.wire -  << "Access-Control-Allow-Headers: Content-Type, api_key, Authorization[\r][\n]"
22:32:55.593 [main] DEBUG org.apache.http.wire -  << "Server: Jetty(9.2.9.v20150224)[\r][\n]"
22:32:55.593 [main] DEBUG org.apache.http.wire -  << "[\r][\n]"
22:32:55.593 [main] DEBUG org.apache.http.impl.conn.DefaultClientConnection - Receiving response: HTTP/1.1 200 OK
22:32:55.593 [main] DEBUG org.apache.http.headers - << HTTP/1.1 200 OK
22:32:55.593 [main] DEBUG org.apache.http.headers - << Date: Mon, 08 Jan 2024 17:02:55 GMT
22:32:55.593 [main] DEBUG org.apache.http.headers - << Content-Type: application/json
22:32:55.593 [main] DEBUG org.apache.http.headers - << Transfer-Encoding: chunked
22:32:55.593 [main] DEBUG org.apache.http.headers - << Connection: keep-alive
22:32:55.593 [main] DEBUG org.apache.http.headers - << Access-Control-Allow-Origin: *
22:32:55.594 [main] DEBUG org.apache.http.headers - << Access-Control-Allow-Methods: GET, POST, DELETE, PUT
22:32:55.594 [main] DEBUG org.apache.http.headers - << Access-Control-Allow-Headers: Content-Type, api_key, Authorization
22:32:55.594 [main] DEBUG org.apache.http.headers - << Server: Jetty(9.2.9.v20150224)
22:32:55.594 [main] DEBUG org.apache.http.impl.client.DefaultHttpClient - Connection can be kept alive indefinitely
22:32:55.594 [main] DEBUG io.restassured.internal.RestAssuredHttpBuilder - Parsing response as: application/json
22:32:55.594 [main] DEBUG io.restassured.internal.RestAssuredHttpBuilder - Parsed data to instance of: class org.apache.http.conn.EofSensorInputStream
22:32:55.595 [main] DEBUG org.apache.http.wire -  << "32[\r][\n]"
22:32:55.596 [main] DEBUG org.apache.http.wire -  << "{"code":200,"type":"unknown","message":"33419717"}"
22:32:55.596 [main] DEBUG org.apache.http.wire -  << "[\r][\n]"
22:32:55.596 [main] DEBUG org.apache.http.wire -  << "0[\r][\n]"
22:32:55.597 [main] DEBUG org.apache.http.wire -  << "[\r][\n]"
22:32:55.597 [main] DEBUG org.apache.http.impl.conn.BasicClientConnectionManager - Releasing connection org.apache.http.impl.conn.ManagedClientConnectionImpl@70d7a49b
22:32:55.597 [main] DEBUG org.apache.http.impl.conn.BasicClientConnectionManager - Connection can be kept alive indefinitely
22:32:55.598 [main] INFO  api.test.UserTest2 - ****************** User updated *********************
22:32:55.628 [main] DEBUG org.apache.http.impl.conn.BasicClientConnectionManager - Get connection for route {s}->https://petstore.swagger.io:443
22:32:55.628 [main] DEBUG org.apache.http.impl.conn.DefaultClientConnectionOperator - Connecting to petstore.swagger.io:443
22:32:56.436 [main] DEBUG org.apache.http.client.protocol.RequestAddCookies - CookieSpec selected: ignoreCookies
22:32:56.436 [main] DEBUG org.apache.http.client.protocol.RequestAuthCache - Auth cache not set in the context
22:32:56.436 [main] DEBUG org.apache.http.client.protocol.RequestTargetAuthentication - Target auth state: UNCHALLENGED
22:32:56.436 [main] DEBUG org.apache.http.client.protocol.RequestProxyAuthentication - Proxy auth state: UNCHALLENGED
22:32:56.437 [main] DEBUG org.apache.http.impl.client.DefaultHttpClient - Attempt 1 to execute request
22:32:56.437 [main] DEBUG org.apache.http.impl.conn.DefaultClientConnection - Sending request: GET /v2/user/zachariah.gleason HTTP/1.1
22:32:56.437 [main] DEBUG org.apache.http.wire -  >> "GET /v2/user/zachariah.gleason HTTP/1.1[\r][\n]"
22:32:56.437 [main] DEBUG org.apache.http.wire -  >> "Accept: */*[\r][\n]"
